<?xml version="1.0" encoding="UTF-8"?>
<!-- Generated by org.testng.reporters.JUnitReportReporter -->
<testsuite hostname="LAPTOP-E8RN4L5O" failures="0" tests="2" name="Day1.selenium_helloTest" time="5.431" errors="0" timestamp="2022-09-11T19:37:00 EDT" skipped="0">
  <testcase classname="Day1.selenium_helloTest" name="ImageSearch" time="3.467"/>
  <system-out/>
  <testcase classname="Day1.selenium_helloTest" name="TextSearch" time="1.964"/>
  <system-out/>
</testsuite> <!-- Day1.selenium_helloTest -->
